This is pdfTeX, Version 3.14159265-2.6-1.40.18 (MiKTeX 2.9.6400 64-bit) (preloaded format=pdftex 2017.9.9)  21 SEP 2017 07:54
entering extended mode
**./thbook.tex
(thbook.tex ("D:\Program Files\MiKTeX 2.9\tex\generic\pdftex\glyphtounicode.tex
") (etc/supp-mis.tex
loading : Context Support Macros / Miscellaneous (2004.10.26)
\protectiondepth=\count26
\scratchdimen=\dimen16
\scratchdimen=\dimen17
\scratchdimen=\dimen18
\scratchdimen=\dimen19
\scratchdimen=\dimen20
\scratchdimen=\dimen21
\scratchcounter=\count27
\scratchtoks=\toks12
\scratchtoks=\toks13
\scratchtoks=\toks14
\scratchtoks=\toks15
\scratchtoks=\toks16
\scratchtoks=\toks17
\scratchtoks=\toks18
\scratchtoks=\toks19
\scratchtoks=\toks20
\scratchtoks=\toks21
\scratchskip=\skip18
\scratchskip=\skip19
\scratchskip=\skip20
\scratchskip=\skip21
\scratchmuskip=\muskip10
\scratchmuskip=\muskip11
\scratchmuskip=\muskip12
\scratchmuskip=\muskip13
\scratchmuskip=\muskip14
\scratchmuskip=\muskip15
\scratchmuskip=\muskip16
\scratchmuskip=\muskip17
\scratchmuskip=\muskip18
\scratchmuskip=\muskip19
\scratchmuskip=\muskip20
\scratchmuskip=\muskip21
\scratchbox=\box16
\scratchread=\read0
\scratchwrite=\write0
\zeropoint=\dimen22
\onepoint=\dimen23
\onebasepoint=\dimen24
\minusone=\count28
\thousandpoint=\dimen25
\onerealpoint=\dimen26
\emptytoks=\toks22
\nextbox=\box17
\nextdepth=\dimen27
\everyline=\toks23
\!!counta=\count29
\!!countb=\count30
\recursecounter=\count31
) (etc/supp-pdf.tex
loading : Context Support Macros / PDF
\scratchcounter=\count32
\scratchdimen=\dimen28
\scratchbox=\box18
\nofMPsegments=\count33
\nofMParguments=\count34
\everyMPshowfont=\toks24
\MPscratchCnt=\count35
\MPscratchDim=\dimen29
\MPnumerator=\count36
\everyMPtoPDFconversion=\toks25
) (etc/optarg.tex) (etc/verbatim.tex)
\footnum=\count37
 (ch00.tex [1{C:/Users/РђР»РµРєСЃРµР№/AppData/Local/MiKTeX/2.9/pdftex/config/pd
ftex.map} <./pic/thbook.jpg>] (version.tex) [2] (etc/contents.tex [3]) [4]
\openout1 = `etc/contents.tex'.

) (ch01.tex [5 <./pic/ageom.pdf>] [6] [7]
[MP to PDF] (mp/schema.1) [8] [9]) (ch02.tex [10] [11 <./pic/agrippa.jpg>]
[12] [13] [14] [15] [16] [17] [18] [19] [20] [21]
Overfull \hbox (21.7394pt too wide) in paragraph at lines 310--311
[]\rm У каждого скрапа есть своя собственная локальная декартова система коорди
нат,|

\hbox(8.04599+2.412)x452.96786, glue set - 1.0
.\hbox(0.0+0.0)x0.0
.\rm У
.\glue 4.31999 plus 2.592 minus 1.032
.\rm к
.\kern-0.192
.etc.


Overfull \hbox (44.03548pt too wide) in paragraph at lines 310--311
\rm координаты символов карты вручную) или пикселям отсканированного изображени
я|

\hbox(8.04599+2.85599)x452.96786, glue set - 1.0
.\rm к
.\kern-0.24
.\rm о
.\rm о
.\kern-0.168
.etc.


Overfull \hbox (14.06343pt too wide) in paragraph at lines 310--311
\rm (если Вы используете XThe-rion). The-rion делает преобразование этой локаль
ной|

\hbox(8.04599+2.85599)x452.96786, glue set - 1.0
.\rm (
.\rm е
.\rm с
.\kern0.168
.\rm л
.etc.


Overfull \hbox (18.3338pt too wide) in paragraph at lines 310--311
\rm съемки, которые определены в скрапе как символы точки на карте и определены
|

\hbox(5.676+2.412)x452.96786, glue set - 1.0
.\rm с
.\rm ъ
.\rm е
.\rm м
.\rm к
.etc.


Overfull \hbox (14.20587pt too wide) in paragraph at lines 310--311
\rm определением []\rm -name[]\rm , тогда Вы должны использовать опцию []\rm -s
cale[] \rm для калибровки|

\hbox(8.04599+2.412)x452.96786, glue set - 1.0
.\rm о
.\kern-0.12001
.\rm п
.\rm р
.\rm е
.etc.


Overfull \hbox (19.39224pt too wide) in paragraph at lines 312--312
 [][]\rm Линейное преобразование (смещение, масштабирование и вращение), которы
е|

\hbox(8.04599+2.69398)x452.96786, glue set - 1.0
.\glue(\leftskip) 12.0
.\hbox(0.0+0.0)x0.0
.\hbox(5.33334+0.0)x0.0, glue set - 10.32fil
..\glue 0.0 plus 1.0fil minus 1.0fil
..\mathon
..\sy 
..\mathoff
..\glue 4.31999 plus 2.592 minus 1.032
.\rm Л
.\rm и
.etc.


Overfull \hbox (0.62599pt too wide) in paragraph at lines 312--312
 \rm трансформации минимальна. Результат отображается красный, если опция|

\hbox(8.04599+2.85599)x452.96786, glue set - 1.0
.\glue(\leftskip) 12.0
.\rm т